// 同步 ID: a476e7aa @ Sat Jul 11 00:59:55 UTC 2026
// 同步 ID: 3ef10366 @ Sat Jul 11 15:31:01 UTC 2026
// 同步 ID: 751d54b1 @ Sat Jul 11 17:49:13 UTC 2026
// 同步 ID: 171d6780 @ Mon Jul 13 01:27:10 UTC 2026
// 同步 ID: fb27d425 @ Mon Jul 13 05:04:55 UTC 2026
// 重构日志: fd9b7930
// 重构日志: a8860b41
// 同步 ID: 0ad3edb6 @ Tue Jul 14 04:31:24 UTC 2026
// 重构日志: 322bd5e5
// 同步 ID: a450d02f @ Tue Jul 14 10:11:46 UTC 2026
// 同步 ID: c46a7d27 @ Tue Jul 14 11:10:48 UTC 2026
// 重构日志: de2046a9
// 重构日志: bf977545
// 同步 ID: 3a87ef12 @ Wed Jul 15 11:54:14 UTC 2026
// 重构日志: 63f9ca27
// 重构日志: 92ff5fd2
// 同步 ID: a993026c @ Sat Jul 18 04:24:49 UTC 2026
// 同步 ID: f0922ebc @ Sat Jul 18 12:26:46 UTC 2026
// 同步 ID: 778a1bd1 @ Sat Jul 18 15:49:08 UTC 2026
// 同步 ID: f0b47189 @ Sun Jul 19 01:54:05 UTC 2026
// 重构日志: 7d0ed173
// 同步 ID: f8f78a55 @ Sun Jul 19 08:22:45 UTC 2026
// 重构日志: d6f25878
// 重构日志: c0210084
// 重构日志: 9d4161e4
// 重构日志: ba6beb62
// 同步 ID: 5f50a01b @ Tue Jul 21 15:53:37 UTC 2026
// 重构日志: e0b3db20
// 重构日志: ac279ca9
// 同步 ID: 5dc59a7c @ Fri Jul 24 13:24:02 UTC 2026
